
> hiro@0.1.0 build
> next build

   ▲ Next.js 16.0.1 (Turbopack)
   - Environments: .env.local, .env

 ⚠ The "middleware" file convention is deprecated. Please use "proxy" instead. Learn more: https://nextjs.org/docs/messages/middleware-to-proxy
   Creating an optimized production build ...
 ✓ Compiled successfully in 6.7s
   Running TypeScript ...
Failed to compile.

./src/components/teams/mention-autocomplete.tsx:100:39
Type error: Argument of type '(e: KeyboardEvent) => void' is not assignable to parameter of type 'EventListenerOrEventListenerObject'.
  Type '(e: KeyboardEvent) => void' is not assignable to type 'EventListener'.
    Types of parameters 'e' and 'evt' are incompatible.
      Type 'Event' is missing the following properties from type 'KeyboardEvent': altKey, charCode, code, ctrlKey, and 17 more.

[0m [90m  98 |[39m
 [90m  99 |[39m     input[33m.[39maddEventListener([32m'input'[39m[33m,[39m handleInput)
[31m[1m>[22m[39m[90m 100 |[39m     input[33m.[39maddEventListener([32m'keydown'[39m[33m,[39m handleKeyDown)
 [90m     |[39m                                       [31m[1m^[22m[39m
 [90m 101 |[39m
 [90m 102 |[39m     [36mreturn[39m () [33m=>[39m {
 [90m 103 |[39m       input[33m.[39mremoveEventListener([32m'input'[39m[33m,[39m handleInput)[0m
Next.js build worker exited with code: 1 and signal: null
