
> hiro@0.1.0 lint
> eslint


C:\Users\bigcl\Downloads\hiro\create-test-user.ts
  56:11  warning  'user' is assigned a value but never used  @typescript-eslint/no-unused-vars

C:\Users\bigcl\Downloads\hiro\scripts\check-system-services.ts
  95:12  warning  'error' is defined but never used  @typescript-eslint/no-unused-vars

C:\Users\bigcl\Downloads\hiro\scripts\comprehensive-system-check.ts
  60:12  warning  'error' is defined but never used  @typescript-eslint/no-unused-vars
  82:12  warning  'error' is defined but never used  @typescript-eslint/no-unused-vars

C:\Users\bigcl\Downloads\hiro\scripts\create-enums.ts
  42:14  warning  'error' is defined but never used  @typescript-eslint/no-unused-vars

C:\Users\bigcl\Downloads\hiro\src\app\(dashboard)\tags\page.tsx
  91:7  warning  Unused eslint-disable directive (no problems were reported from 'react-hooks/set-state-in-effect')

C:\Users\bigcl\Downloads\hiro\src\app\api\auth\check-session\route.ts
  4:27  warning  'request' is defined but never used  @typescript-eslint/no-unused-vars

C:\Users\bigcl\Downloads\hiro\src\app\api\contacts\analyze-all\route.ts
  12:45  error  Unexpected any. Specify a different type  @typescript-eslint/no-explicit-any
  23:19  error  Unexpected any. Specify a different type  @typescript-eslint/no-explicit-any

C:\Users\bigcl\Downloads\hiro\src\app\api\contacts\fix-zero-scores\route.ts
   25:24  error  Unexpected any. Specify a different type  @typescript-eslint/no-explicit-any
  110:55  error  Unexpected any. Specify a different type  @typescript-eslint/no-explicit-any
  174:24  error  Unexpected any. Specify a different type  @typescript-eslint/no-explicit-any

C:\Users\bigcl\Downloads\hiro\src\app\api\pipelines\analyze-all\route.ts
  10:28  warning  'request' is defined but never used  @typescript-eslint/no-unused-vars

C:\Users\bigcl\Downloads\hiro\src\app\api\pipelines\stages\[stageId]\contacts\route.ts
  50:18  error  Unexpected any. Specify a different type  @typescript-eslint/no-explicit-any

C:\Users\bigcl\Downloads\hiro\src\app\api\socket\route.ts
  7:27  warning  'request' is defined but never used  @typescript-eslint/no-unused-vars

C:\Users\bigcl\Downloads\hiro\src\app\api\teams\[id]\activities\route.ts
  83:21  error  Unexpected any. Specify a different type  @typescript-eslint/no-explicit-any

C:\Users\bigcl\Downloads\hiro\src\app\api\teams\[id]\join-code\route.ts
  76:11  warning  'team' is assigned a value but never used  @typescript-eslint/no-unused-vars

C:\Users\bigcl\Downloads\hiro\src\app\api\teams\[id]\join-requests\route.ts
  5:10  warning  'createDefaultPermissions' is defined but never used  @typescript-eslint/no-unused-vars
  6:10  warning  'logActivity' is defined but never used               @typescript-eslint/no-unused-vars

C:\Users\bigcl\Downloads\hiro\src\app\api\teams\[id]\members\[memberId]\route.ts
  36:23  error  Unexpected any. Specify a different type  @typescript-eslint/no-explicit-any

C:\Users\bigcl\Downloads\hiro\src\app\api\teams\[id]\members\route.ts
  4:10  warning  'isTeamAdmin' is defined but never used               @typescript-eslint/no-unused-vars
  5:10  warning  'createDefaultPermissions' is defined but never used  @typescript-eslint/no-unused-vars
  6:10  warning  'logActivity' is defined but never used               @typescript-eslint/no-unused-vars

C:\Users\bigcl\Downloads\hiro\src\app\api\teams\[id]\messages\route.ts
  41:18  error  Unexpected any. Specify a different type  @typescript-eslint/no-explicit-any

C:\Users\bigcl\Downloads\hiro\src\app\api\teams\[id]\route.ts
  121:23  error  Unexpected any. Specify a different type  @typescript-eslint/no-explicit-any

C:\Users\bigcl\Downloads\hiro\src\app\api\teams\[id]\tasks\[taskId]\route.ts
  48:23  error  Unexpected any. Specify a different type  @typescript-eslint/no-explicit-any

C:\Users\bigcl\Downloads\hiro\src\app\api\teams\[id]\tasks\route.ts
  41:18  error  Unexpected any. Specify a different type  @typescript-eslint/no-explicit-any

C:\Users\bigcl\Downloads\hiro\src\app\api\teams\[id]\threads\route.ts
  39:18  error  Unexpected any. Specify a different type  @typescript-eslint/no-explicit-any

C:\Users\bigcl\Downloads\hiro\src\app\api\teams\join\route.ts
   91:11  warning  'joinRequest' is assigned a value but never used  @typescript-eslint/no-unused-vars
  101:11  warning  'member' is assigned a value but never used       @typescript-eslint/no-unused-vars

C:\Users\bigcl\Downloads\hiro\src\app\api\teams\route.ts
  12:27  warning  'request' is defined but never used  @typescript-eslint/no-unused-vars

C:\Users\bigcl\Downloads\hiro\src\app\api\webhooks\facebook\route.ts
   80:45  error  Unexpected any. Specify a different type  @typescript-eslint/no-explicit-any
  215:45  error  Unexpected any. Specify a different type  @typescript-eslint/no-explicit-any
  233:41  error  Unexpected any. Specify a different type  @typescript-eslint/no-explicit-any
  262:46  error  Unexpected any. Specify a different type  @typescript-eslint/no-explicit-any

C:\Users\bigcl\Downloads\hiro\src\app\debug-session\page.tsx
  12:14  warning  'e' is defined but never used  @typescript-eslint/no-unused-vars

C:\Users\bigcl\Downloads\hiro\src\components\ai-automations\create-rule-dialog.tsx
  13:19  warning  'Plus' is defined but never used               @typescript-eslint/no-unused-vars
  61:10  warning  'tagInput' is assigned a value but never used  @typescript-eslint/no-unused-vars

C:\Users\bigcl\Downloads\hiro\src\components\contacts\activity-timeline.tsx
  20:37  error  Unexpected any. Specify a different type  @typescript-eslint/no-explicit-any

C:\Users\bigcl\Downloads\hiro\src\components\contacts\contacts-table.tsx
   99:10  warning  'allContactIds' is assigned a value but never used  @typescript-eslint/no-unused-vars
  234:21  error    Unexpected any. Specify a different type            @typescript-eslint/no-explicit-any
  255:14  warning  'error' is defined but never used                   @typescript-eslint/no-unused-vars
  413:30  error    Unexpected any. Specify a different type            @typescript-eslint/no-explicit-any

C:\Users\bigcl\Downloads\hiro\src\components\contacts\stage-filter.tsx
  56:7  warning  'selectedPipeline' is assigned a value but never used  @typescript-eslint/no-unused-vars

C:\Users\bigcl\Downloads\hiro\src\components\integrations\connected-pages-list.tsx
  348:16  warning  'error' is defined but never used                                @typescript-eslint/no-unused-vars
  383:16  warning  'error' is defined but never used                                @typescript-eslint/no-unused-vars
  489:47  error    `"` can be escaped with `&quot;`, `&ldquo;`, `&#34;`, `&rdquo;`  react/no-unescaped-entities
  489:69  error    `"` can be escaped with `&quot;`, `&ldquo;`, `&#34;`, `&rdquo;`  react/no-unescaped-entities

C:\Users\bigcl\Downloads\hiro\src\components\integrations\facebook-page-selector-dialog.tsx
  62:6  warning  React Hook useEffect has a missing dependency: 'fetchPages'. Either include it or remove the dependency array  react-hooks/exhaustive-deps

C:\Users\bigcl\Downloads\hiro\src\components\layout\header.tsx
  19:17  warning  'isLoading' is assigned a value but never used  @typescript-eslint/no-unused-vars

C:\Users\bigcl\Downloads\hiro\src\components\pipelines\pipeline-stage-card-virtualized.tsx
  71:26  warning  Compilation Skipped: Use of incompatible library

This API returns functions which cannot be memoized without leading to stale UI. To prevent this, by default React Compiler will skip memoizing this component/hook. However, you may see issues if values from this API are passed to other components/hooks that are memoized.

C:\Users\bigcl\Downloads\hiro\src\components\pipelines\pipeline-stage-card-virtualized.tsx:71:26
  69 |
  70 |   // Virtual scrolling for contacts
> 71 |   const rowVirtualizer = useVirtualizer({
     |                          ^^^^^^^^^^^^^^ TanStack Virtual's `useVirtualizer()` API returns functions that cannot be memoized safely
  72 |     count: stage.contacts.length,
  73 |     getScrollElement: () => parentRef.current,
  74 |     estimateSize: () => 80, // Estimated height of each contact card  react-hooks/incompatible-library

C:\Users\bigcl\Downloads\hiro\src\components\pipelines\pipelines-list-client.tsx
  3:20  warning  'useEffect' is defined but never used  @typescript-eslint/no-unused-vars

C:\Users\bigcl\Downloads\hiro\src\components\pipelines\score-range-dialog.tsx
   74:63  error  Unexpected any. Specify a different type                         @typescript-eslint/no-explicit-any
  139:46  error  `"` can be escaped with `&quot;`, `&ldquo;`, `&#34;`, `&rdquo;`  react/no-unescaped-entities
  139:60  error  `"` can be escaped with `&quot;`, `&ldquo;`, `&#34;`, `&rdquo;`  react/no-unescaped-entities

C:\Users\bigcl\Downloads\hiro\src\components\settings\facebook-page-settings-form.tsx
  3:20  warning  'useEffect' is defined but never used    @typescript-eslint/no-unused-vars
  3:31  warning  'useCallback' is defined but never used  @typescript-eslint/no-unused-vars

C:\Users\bigcl\Downloads\hiro\src\components\settings\profile-form.tsx
  12:27  warning  'User' is defined but never used  @typescript-eslint/no-unused-vars

C:\Users\bigcl\Downloads\hiro\src\components\teams\create-conversation-dialog.tsx
  134:14  warning  'error' is defined but never used  @typescript-eslint/no-unused-vars

C:\Users\bigcl\Downloads\hiro\src\components\teams\enhanced-team-inbox.tsx
  186:6  warning  React Hook useCallback has a missing dependency: 'selectedThread'. Either include it or remove the dependency array  react-hooks/exhaustive-deps

C:\Users\bigcl\Downloads\hiro\src\components\teams\join-request-queue.tsx
  19:20  warning  'MessageSquare' is defined but never used  @typescript-eslint/no-unused-vars
  25:13  error    Unexpected any. Specify a different type   @typescript-eslint/no-explicit-any
  32:58  error    Unexpected any. Specify a different type   @typescript-eslint/no-explicit-any
  55:14  warning  'error' is defined but never used          @typescript-eslint/no-unused-vars

C:\Users\bigcl\Downloads\hiro\src\components\teams\member-permissions-dialog.tsx
   17:10  warning  'Badge' is defined but never used                                                                                                                     @typescript-eslint/no-unused-vars
   26:24  error    Unexpected any. Specify a different type                                                                                                              @typescript-eslint/no-explicit-any
   39:54  error    Unexpected any. Specify a different type                                                                                                              @typescript-eslint/no-explicit-any
   68:6   warning  React Hook useEffect has missing dependencies: 'currentPermissions' and 'loadCurrentPermissions'. Either include them or remove the dependency array  react-hooks/exhaustive-deps
  105:21  error    Unexpected any. Specify a different type                                                                                                              @typescript-eslint/no-explicit-any
  106:18  error    Unexpected any. Specify a different type                                                                                                              @typescript-eslint/no-explicit-any
  144:14  warning  'error' is defined but never used                                                                                                                     @typescript-eslint/no-unused-vars

C:\Users\bigcl\Downloads\hiro\src\components\teams\team-activity.tsx
   6:10  warning  'Avatar' is defined but never used          @typescript-eslint/no-unused-vars
   6:18  warning  'AvatarFallback' is defined but never used  @typescript-eslint/no-unused-vars
   6:34  warning  'AvatarImage' is defined but never used     @typescript-eslint/no-unused-vars
   8:10  warning  'ActivityType' is defined but never used    @typescript-eslint/no-unused-vars
  31:48  error    Unexpected any. Specify a different type    @typescript-eslint/no-explicit-any
  69:40  error    Unexpected any. Specify a different type    @typescript-eslint/no-explicit-any

C:\Users\bigcl\Downloads\hiro\src\components\teams\team-analytics.tsx
   9:10  warning  'BarChart3' is defined but never used                                                                                                 @typescript-eslint/no-unused-vars
  17:42  error    Unexpected any. Specify a different type                                                                                              @typescript-eslint/no-explicit-any
  19:42  error    Unexpected any. Specify a different type                                                                                              @typescript-eslint/no-explicit-any
  20:42  error    Unexpected any. Specify a different type                                                                                              @typescript-eslint/no-explicit-any
  26:6   warning  React Hook useEffect has missing dependencies: 'fetchHeatmap' and 'fetchMembers'. Either include them or remove the dependency array  react-hooks/exhaustive-deps
  32:6   warning  React Hook useEffect has a missing dependency: 'fetchMemberMetrics'. Either include it or remove the dependency array                 react-hooks/exhaustive-deps
  38:42  error    Unexpected any. Specify a different type                                                                                              @typescript-eslint/no-explicit-any

C:\Users\bigcl\Downloads\hiro\src\components\teams\team-dashboard.tsx
  21:10  error  Unexpected any. Specify a different type  @typescript-eslint/no-explicit-any
  22:15  error  Unexpected any. Specify a different type  @typescript-eslint/no-explicit-any
  24:20  error  Unexpected any. Specify a different type  @typescript-eslint/no-explicit-any

C:\Users\bigcl\Downloads\hiro\src\components\teams\team-inbox.tsx
   4:29  warning  'CardDescription' is defined but never used                                                                       @typescript-eslint/no-unused-vars
   6:10  warning  'Input' is defined but never used                                                                                 @typescript-eslint/no-unused-vars
   9:10  warning  'Badge' is defined but never used                                                                                 @typescript-eslint/no-unused-vars
  11:10  warning  'Tabs' is defined but never used                                                                                  @typescript-eslint/no-unused-vars
  11:16  warning  'TabsContent' is defined but never used                                                                           @typescript-eslint/no-unused-vars
  11:29  warning  'TabsList' is defined but never used                                                                              @typescript-eslint/no-unused-vars
  11:39  warning  'TabsTrigger' is defined but never used                                                                           @typescript-eslint/no-unused-vars
  22:37  warning  'currentMemberId' is defined but never used                                                                       @typescript-eslint/no-unused-vars
  23:42  error    Unexpected any. Specify a different type                                                                          @typescript-eslint/no-explicit-any
  24:56  error    Unexpected any. Specify a different type                                                                          @typescript-eslint/no-explicit-any
  25:44  error    Unexpected any. Specify a different type                                                                          @typescript-eslint/no-explicit-any
  32:6   warning  React Hook useEffect has a missing dependency: 'fetchThreads'. Either include it or remove the dependency array   react-hooks/exhaustive-deps
  38:6   warning  React Hook useEffect has a missing dependency: 'fetchMessages'. Either include it or remove the dependency array  react-hooks/exhaustive-deps
  86:14  warning  'error' is defined but never used                                                                                 @typescript-eslint/no-unused-vars

C:\Users\bigcl\Downloads\hiro\src\components\teams\team-members.tsx
   28:42  error    Unexpected any. Specify a different type                                                                         @typescript-eslint/no-explicit-any
   33:6   warning  React Hook useEffect has a missing dependency: 'fetchMembers'. Either include it or remove the dependency array  react-hooks/exhaustive-deps
   60:14  warning  'error' is defined but never used                                                                                @typescript-eslint/no-unused-vars
   78:14  warning  'error' is defined but never used                                                                                @typescript-eslint/no-unused-vars
   95:14  warning  'error' is defined but never used                                                                                @typescript-eslint/no-unused-vars
  100:35  error    Unexpected any. Specify a different type                                                                         @typescript-eslint/no-explicit-any

C:\Users\bigcl\Downloads\hiro\src\components\teams\team-profile.tsx
  60:14  warning  'error' is defined but never used  @typescript-eslint/no-unused-vars

C:\Users\bigcl\Downloads\hiro\src\components\teams\team-selector.tsx
  22:10  error  Unexpected any. Specify a different type  @typescript-eslint/no-explicit-any

C:\Users\bigcl\Downloads\hiro\src\components\teams\team-settings.tsx
   10:10  warning  'Badge' is defined but never used         @typescript-eslint/no-unused-vars
   11:10  warning  'Separator' is defined but never used     @typescript-eslint/no-unused-vars
   27:9   error    Unexpected any. Specify a different type  @typescript-eslint/no-explicit-any
   48:14  warning  'error' is defined but never used         @typescript-eslint/no-unused-vars
   62:14  warning  'error' is defined but never used         @typescript-eslint/no-unused-vars
   91:14  warning  'error' is defined but never used         @typescript-eslint/no-unused-vars
  109:14  warning  'error' is defined but never used         @typescript-eslint/no-unused-vars

C:\Users\bigcl\Downloads\hiro\src\components\teams\team-tasks.tsx
   23:54  warning  'isAdmin' is defined but never used                                                                            @typescript-eslint/no-unused-vars
   24:38  error    Unexpected any. Specify a different type                                                                       @typescript-eslint/no-explicit-any
   36:6   warning  React Hook useEffect has a missing dependency: 'fetchTasks'. Either include it or remove the dependency array  react-hooks/exhaustive-deps
   70:14  warning  'error' is defined but never used                                                                              @typescript-eslint/no-unused-vars
   88:14  warning  'error' is defined but never used                                                                              @typescript-eslint/no-unused-vars
  100:37  error    Unexpected any. Specify a different type                                                                       @typescript-eslint/no-explicit-any

C:\Users\bigcl\Downloads\hiro\src\hooks\use-supabase-session.ts
  5:15  warning  'User' is defined but never used  @typescript-eslint/no-unused-vars

C:\Users\bigcl\Downloads\hiro\src\lib\ai\analyze-existing-contacts.ts
  13:22  error  Unexpected any. Specify a different type  @typescript-eslint/no-explicit-any
  42:48  error  Unexpected any. Specify a different type  @typescript-eslint/no-explicit-any
  43:40  error  Unexpected any. Specify a different type  @typescript-eslint/no-explicit-any
  53:23  error  Unexpected any. Specify a different type  @typescript-eslint/no-explicit-any
  54:20  error  Unexpected any. Specify a different type  @typescript-eslint/no-explicit-any

C:\Users\bigcl\Downloads\hiro\src\lib\campaigns\send.ts
   34:31  error  Unexpected any. Specify a different type  @typescript-eslint/no-explicit-any
   36:35  error  Unexpected any. Specify a different type  @typescript-eslint/no-explicit-any
   61:35  error  Unexpected any. Specify a different type  @typescript-eslint/no-explicit-any
   71:33  error  Unexpected any. Specify a different type  @typescript-eslint/no-explicit-any
   73:37  error  Unexpected any. Specify a different type  @typescript-eslint/no-explicit-any
  101:33  error  Unexpected any. Specify a different type  @typescript-eslint/no-explicit-any
  103:37  error  Unexpected any. Specify a different type  @typescript-eslint/no-explicit-any
  119:19  error  Unexpected any. Specify a different type  @typescript-eslint/no-explicit-any
  123:31  error  Unexpected any. Specify a different type  @typescript-eslint/no-explicit-any
  125:35  error  Unexpected any. Specify a different type  @typescript-eslint/no-explicit-any
  324:17  error  Unexpected any. Specify a different type  @typescript-eslint/no-explicit-any

C:\Users\bigcl\Downloads\hiro\src\lib\facebook\auth.ts
  48:12  warning  'error' is defined but never used  @typescript-eslint/no-unused-vars

C:\Users\bigcl\Downloads\hiro\src\lib\facebook\background-sync.ts
  195:33  error  Unexpected any. Specify a different type  @typescript-eslint/no-explicit-any
  196:30  error  Unexpected any. Specify a different type  @typescript-eslint/no-explicit-any
  374:33  error  Unexpected any. Specify a different type  @typescript-eslint/no-explicit-any
  375:30  error  Unexpected any. Specify a different type  @typescript-eslint/no-explicit-any

C:\Users\bigcl\Downloads\hiro\src\lib\facebook\client.ts
   39:36  error  Unexpected any. Specify a different type  @typescript-eslint/no-explicit-any
   74:20  error  Unexpected any. Specify a different type  @typescript-eslint/no-explicit-any
   96:21  error  Unexpected any. Specify a different type  @typescript-eslint/no-explicit-any
  143:21  error  Unexpected any. Specify a different type  @typescript-eslint/no-explicit-any
  161:29  error  Unexpected any. Specify a different type  @typescript-eslint/no-explicit-any
  203:35  error  Unexpected any. Specify a different type  @typescript-eslint/no-explicit-any
  219:21  error  Unexpected any. Specify a different type  @typescript-eslint/no-explicit-any
  228:72  error  Unexpected any. Specify a different type  @typescript-eslint/no-explicit-any
  229:24  error  Unexpected any. Specify a different type  @typescript-eslint/no-explicit-any
  235:25  error  Unexpected any. Specify a different type  @typescript-eslint/no-explicit-any
  258:21  error  Unexpected any. Specify a different type  @typescript-eslint/no-explicit-any
  276:21  error  Unexpected any. Specify a different type  @typescript-eslint/no-explicit-any
  286:29  error  Unexpected any. Specify a different type  @typescript-eslint/no-explicit-any
  328:35  error  Unexpected any. Specify a different type  @typescript-eslint/no-explicit-any
  344:21  error  Unexpected any. Specify a different type  @typescript-eslint/no-explicit-any
  361:21  error  Unexpected any. Specify a different type  @typescript-eslint/no-explicit-any

C:\Users\bigcl\Downloads\hiro\src\lib\facebook\sync-contacts.ts
   92:21  error  Unexpected any. Specify a different type  @typescript-eslint/no-explicit-any
  116:31  error  Unexpected any. Specify a different type  @typescript-eslint/no-explicit-any
  117:28  error  Unexpected any. Specify a different type  @typescript-eslint/no-explicit-any
  199:25  error  Unexpected any. Specify a different type  @typescript-eslint/no-explicit-any
  219:19  error  Unexpected any. Specify a different type  @typescript-eslint/no-explicit-any
  259:23  error  Unexpected any. Specify a different type  @typescript-eslint/no-explicit-any
  286:33  error  Unexpected any. Specify a different type  @typescript-eslint/no-explicit-any
  287:30  error  Unexpected any. Specify a different type  @typescript-eslint/no-explicit-any
  386:27  error  Unexpected any. Specify a different type  @typescript-eslint/no-explicit-any
  406:21  error  Unexpected any. Specify a different type  @typescript-eslint/no-explicit-any

C:\Users\bigcl\Downloads\hiro\src\lib\pipelines\auto-assign.ts
  55:7  error  'targetStageId' is never reassigned. Use 'const' instead  prefer-const

C:\Users\bigcl\Downloads\hiro\src\lib\pipelines\stage-analyzer.ts
  2:10  warning  'StageType' is defined but never used  @typescript-eslint/no-unused-vars

C:\Users\bigcl\Downloads\hiro\src\lib\socket\server.ts
   77:34  warning  'teamId' is defined but never used        @typescript-eslint/no-unused-vars
   85:33  warning  'teamId' is defined but never used        @typescript-eslint/no-unused-vars
  117:75  error    Unexpected any. Specify a different type  @typescript-eslint/no-explicit-any
  131:78  error    Unexpected any. Specify a different type  @typescript-eslint/no-explicit-any
  159:55  error    Unexpected any. Specify a different type  @typescript-eslint/no-explicit-any

C:\Users\bigcl\Downloads\hiro\src\lib\teams\activity.ts
   12:29  error  Unexpected any. Specify a different type  @typescript-eslint/no-explicit-any
  104:28  error  Unexpected any. Specify a different type  @typescript-eslint/no-explicit-any
  154:16  error  Unexpected any. Specify a different type  @typescript-eslint/no-explicit-any
  202:16  error  Unexpected any. Specify a different type  @typescript-eslint/no-explicit-any

C:\Users\bigcl\Downloads\hiro\src\lib\teams\check-permission.ts
   2:10  warning  'hasPermission' is defined but never used   @typescript-eslint/no-unused-vars
   9:3   warning  'permission' is defined but never used      @typescript-eslint/no-unused-vars
  10:3   warning  'facebookPageId' is defined but never used  @typescript-eslint/no-unused-vars

C:\Users\bigcl\Downloads\hiro\src\lib\teams\permissions.ts
  2:20  warning  'TeamMemberStatus' is defined but never used  @typescript-eslint/no-unused-vars

C:\Users\bigcl\Downloads\hiro\src\middleware.ts
  18:48  warning  'options' is defined but never used  @typescript-eslint/no-unused-vars

✖ 186 problems (103 errors, 83 warnings)
  1 error and 1 warning potentially fixable with the `--fix` option.

